<?xml version="1.0" encoding="UTF-8"?>
<!-- Generated by org.testng.reporters.JUnitXMLReporter -->
<testsuite hostname="Camilo-PC" name="Test1" tests="1" failures="1" timestamp="22 Jul 2013 02:33:13 GMT" time="0.086" errors="0">
  <testcase name="WebUITest" time="0.037" classname="com.sni.test.TC01_RestAndWeb">
    <failure type="java.lang.NullPointerException">
      <![CDATA[java.lang.NullPointerException
	at com.sni.test.TC01_RestAndWeb.WebUITest(TC01_RestAndWeb.java:75)
... Removed 24 stack frames]]>
    </failure>
  </testcase> <!-- WebUITest -->
</testsuite> <!-- Test1 -->
