<?xml version="1.0" encoding="UTF-8"?>
<!-- Generated by org.testng.reporters.JUnitXMLReporter -->
<testsuite hostname="Camilo-PC" name="Default test" tests="1" failures="0" timestamp="21 Jul 2013 20:25:24 GMT" time="0.078" errors="0">
  <testcase name="@BeforeTest setUp" time="0.0" classname="com.sni.test.TC01_RestAndWeb">
    <failure type="org.testng.TestNGException" message="
Method setUp requires 6 parameters but 6 were supplied in the @Configuration annotation.">
      <![CDATA[org.testng.TestNGException: 
Method setUp requires 6 parameters but 6 were supplied in the @Configuration annotation.
	at org.testng.internal.Parameters.checkParameterTypes(Parameters.java:198)
	at org.testng.internal.Parameters.createParameters(Parameters.java:134)
	at org.testng.internal.Parameters.createParameters(Parameters.java:358)
	at org.testng.internal.Parameters.createConfigurationParameters(Parameters.java:86)
	at org.testng.internal.Invoker.invokeConfigurations(Invoker.java:199)
	at org.testng.internal.Invoker.invokeConfigurations(Invoker.java:138)
	at org.testng.TestRunner.beforeRun(TestRunner.java:641)
	at org.testng.TestRunner.run(TestRunner.java:609)
	at org.testng.SuiteRunner.runTest(SuiteRunner.java:335)
	at org.testng.SuiteRunner.runSequentially(SuiteRunner.java:330)
	at org.testng.SuiteRunner.privateRun(SuiteRunner.java:291)
	at org.testng.SuiteRunner.run(SuiteRunner.java:240)
	at org.testng.SuiteRunnerWorker.runSuite(SuiteRunnerWorker.java:52)
	at org.testng.SuiteRunnerWorker.run(SuiteRunnerWorker.java:86)
	at org.testng.TestNG.runSuitesSequentially(TestNG.java:1224)
	at org.testng.TestNG.runSuitesLocally(TestNG.java:1149)
	at org.testng.TestNG.run(TestNG.java:1057)
	at org.testng.remote.RemoteTestNG.run(RemoteTestNG.java:111)
	at org.testng.remote.RemoteTestNG.initAndRun(RemoteTestNG.java:204)
	at org.testng.remote.RemoteTestNG.main(RemoteTestNG.java:175)
]]>
    </failure>
  </testcase> <!-- @BeforeTest setUp -->
  <testcase name="RESTUsingSauce" time="0.016" classname="com.sni.test.TC01_RestAndWeb">
    <skipped/>
  </testcase> <!-- RESTUsingSauce -->
</testsuite> <!-- Default test -->
